0.000000000000000000e+00 0.000000000000000000e+00 0.000000000000000000e+00 0.000000000000000000e+00 0.000000000000000000e+00 0.000000000000000000e+00 0.000000000000000000e+00 0.000000000000000000e+00 0.000000000000000000e+00 0.000000000000000000e+00
6.224023302151548975e-04 2.042831251380938795e-09 -6.365788451923037883e-10 -2.817954203315764516e-12 -4.163336342344337027e-17 -4.163336342344337027e-17 -4.163336342344337027e-17 -4.163336342344337027e-17 -4.163336342344337027e-17 -4.163336342344337027e-17
2.458759681595812374e-03 1.735544998271443262e-07 -6.860338216951866741e-08 -8.524404238041682902e-10 5.812436643104490486e-11 7.595868378729164760e-13 -4.718447854656915297e-15 1.526556658859590243e-16 -6.106226635438360972e-16 -7.355227538141662080e-16
5.418896490003072275e-03 2.000714508149092907e-06 -7.847049867670818912e-07 -2.198041766654501572e-08 1.809814895170624993e-09 5.740999342584984788e-11 -1.805625093886931154e-12 -5.473399511402021744e-14 1.942890293094023946e-16 -5.134781488891348999e-16
9.360182230189292851e-03 1.087183073274211598e-05 -4.080191910380004394e-06 -2.077026894364841780e-07 1.662809551161714694e-08 1.015710390794843931e-09 -3.238896650881173400e-11 -2.172595436888968834e-12 3.314015728506092273e-14 2.997602166487922659e-15
1.409817970843293966e-02 3.921650554108979669e-05 -1.375792727910385427e-05 -1.130808682692219236e-06 7.982262252570482275e-08 8.735378684288086504e-09 -2.171205437662138138e-10 -3.110607604828174999e-11 2.988442826534765118e-13 6.099287741534453744e-14
1.941996094708461906e-02 1.088764036342310115e-04 -3.489970114226026432e-05 -4.317107462764591119e-06 2.419480148313501999e-07 4.760489570598824827e-08 -5.977690564762383474e-10 -2.497030499037933282e-10 -2.296496326437136304e-13 7.635281296103357818e-13
2.509872660862932925e-02 2.515371384751996509e-04 -7.179698276452151084e-05 -1.281298826313892469e-05 4.723827516511791558e-07 1.877724742221920096e-07 9.258005612133857198e-10 -1.335363222776386749e-09 -2.365532769665890100e-11 5.713290951447902444e-12
3.090828840477581607e-02 5.065974647958104704e-04 -1.247567438019403507e-04 -3.141610309410902691e-05 4.060233389363565593e-07 5.779715955417374929e-07 1.650645581330323353e-08 -5.228514302069164899e-09 -2.208168925488251944e-10 2.878215721313637232e-11
3.663609263739492361e-02 9.166021884001313014e-04 -1.867895234207717081e-04 -6.614066571285215357e-05 -1.073125857273260486e-06 1.451683862035979544e-06 8.760042313760152410e-08 -1.572941320249210406e-08 -1.243621747248901954e-09 1.035991570308425480e-10
4.209375713721444368e-02 1.521072534277134736e-03 -2.414627558035148391e-04 -1.226899453062590961e-04 -6.289543095394645178e-06 3.051563204861662548e-06 3.177182709285242268e-07 -3.684348484633837018e-08 -5.149005402604878157e-09 2.616974970059970929e-10
4.712450551707556001e-02 2.350015792587714647e-03 -2.629483921962466608e-04 -2.041237581611177188e-04 -1.901717368649191719e-05 5.419952064489308441e-06 9.090537121114738994e-07 -6.470748477316323743e-08 -1.692425229127270114e-08 3.614255283945766450e-10
5.160732916740208565e-02 3.418471062230921120e-03 -2.186024160398813976e-04 -3.083642370537431621e-04 -4.419698324464871320e-05 8.053395555734921274e-06 2.174656205694569522e-06 -6.826594438347211025e-08 -4.593715825784716600e-08 -4.677623705040545588e-10
5.545810458967095902e-02 4.723166719909785427e-03 -7.357305907733369121e-05 -4.264433805393486043e-04 -8.693988979560640651e-05 9.513545685957414122e-06 4.482602282779302172e-06 4.232248662638937731e-08 -1.050953331999116003e-07 -5.052974719199632148e-09
5.862817929546210172e-02 6.241851891086114268e-03 2.037119601641795841e-04 -5.422893998814487526e-04 -1.509040440385162052e-04 7.185860684821854250e-06 8.093982158716150899e-06 4.503631424873644207e-07 -2.038592130798599911e-07 -2.008407992692973210e-08
6.110108759803316303e-02 7.935290053730892357e-03 6.365420295777468596e-04 -6.343734210436519083e-04 -2.364752541334086411e-04 -2.585263403812043670e-06 1.289585865203723980e-05 1.446980785746454501e-06 -3.313126440279701157e-07 -5.791487547868179320e-08
6.288807862146063299e-02 9.751420466138402410e-03 1.236511461682979207e-03 -6.788798866522588460e-04 -3.394058469880778528e-04 -2.383719337224754486e-05 1.809926065288181007e-05 3.392053603445965848e-06 -4.292021039270510485e-07 -1.361457497434104269e-07
6.402306798863721671e-02 1.163089187954442771e-02 2.002242862843311988e-03 -6.535123521410196590e-04 -4.505295236212070176e-04 -5.985925097133637518e-05 2.204110547823767696e-05 6.595325725930467620e-06 -3.630990295377944932e-07 -2.718284686925587224e-07
6.455750524039997884e-02 1.351307064618358089e-02 2.920177310944654936e-03 -5.408470408949372921e-04 -5.568339113128512041e-04 -1.118948950535741949e-04 2.225167613686962476e-05 1.112194040797653827e-05 9.012855886614268286e-08 -4.676508741363605282e-07
6.455551798168024380e-02 1.534168802739190041e-02 3.966922733189645611e-03 -3.303758822153501917e-04 -6.436606959237811676e-04 -1.781496212121813638e-04 1.588898688337225806e-05 1.657549918197831484e-05 1.215018564731940032e-06 -6.908566930891035796e-07
6.408957385770501503e-02 1.706946491970101620e-02 5.112482457303918482e-03 -1.891166797386711895e-05 -6.973448999626347122e-04 -2.535584840070437274e-04 4.992789488650339891e-07 2.195672957602812225e-05 3.273897180466889267e-06 -8.518445856892098433e-07
6.323680124148924053e-02 1.866128508328909752e-02 6.323746084714310101e-03 3.903959182946503681e-04 -7.074212995316631059e-04 -3.305247915245945745e-04 -2.510884564183024636e-05 2.570620497970022011e-05 6.373342681748050964e-06 -7.958947947500627507e-07
6.207602796218827934e-02 2.009574016989906786e-02 7.567794202097716250e-03 8.898121615485005131e-04 -6.677117196189213955e-04 -4.004604642802722658e-04 -6.020444085520770816e-05 2.599324107280254204e-05 1.032008908631587563e-05 -3.236947932611089485e-07
6.068553022787290252e-02 2.136510903391655725e-02 8.814730931435102446e-03 1.468867453500471987e-03 -5.760767613255113329e-04 -4.556083314005282547e-04 -1.019981003326925206e-04 2.121463633231179813e-05 1.453303296261587718e-05 7.504031986904635687e-07
5.914142818652441680e-02 2.247403030472636121e-02 1.003986064759873620e-02 2.115862005987970140e-03 -4.331473440974259459e-04 -4.904804146465130410e-04 -1.461670492399619325e-04 1.055367528367268104e-05 1.807995900615644302e-05 2.510089785273672547e-06
5.751662058558011659e-02 2.343725501912284626e-02 1.122508341046636604e-02 2.818911932269227427e-03 -2.407012332973773594e-04 -5.023889031456896248e-04 -1.879102946856364698e-04 -5.620862521399372369e-06 1.987216188216456292e-05 4.847716696815274062e-06
5.588012133757737365e-02 2.427691031561733659e-02 1.235944596183971567e-02 3.566673710553094900e-03 -3.739991852880208967e-07 -4.909245195528488814e-04 -2.231566728563005864e-04 -2.571442576954074966e-05 1.898341425191074627e-05 7.418184037766284433e-06
5.429664830449112967e-02 2.501966965296878453e-02 1.343888314070923462e-02 4.348950456559377842e-03 2.868851927170373850e-04 -4.566795370544718402e-04 -2.494481831542411099e-04 -4.729998785982236775e-05 1.498769953015011147e-05 9.677085570425347782e-06
5.282632037805892744e-02 2.569413357241867590e-02 1.446530600153476953e-02 5.157282516850006382e-03 6.206203292779821634e-04 -3.998146653887840740e-04 -2.661310029800495469e-04 -6.783543859589791225e-05 8.171367519960170966e-06 1.101664378698463675e-05
5.152434148215358223e-02 2.632861318467902279e-02 1.544529009563887223e-02 5.985462128758112232e-03 1.000288168371235575e-03 -3.190936910915515012e-04 -2.737723846329420674e-04 -8.543184449122387392e-05 -5.003549542886842616e-07 1.096805596345618028e-05
5.044058573744399088e-02 2.694940926376492019e-02 1.638864154806077278e-02 6.829808134089426774e-03 1.424756326032547427e-03 -2.117552117969212500e-04 -2.730586986245675529e-04 -9.934230728834980706e-05 -9.691950366277901630e-06 9.394439562285250567e-06
4.961904171014089315e-02 2.757961080401483134e-02 1.730705516007462197e-02 7.689057674351532090e-03 1.892210095813653958e-03 -7.418874470133118848e-05 -2.636623569801516132e-04 -1.099328446759195721e-04 -1.818471068780469491e-05 6.580742614670231916e-06
4.909712001804317216e-02 2.823839649224989257e-02 1.821296031194497012e-02 8.563858387201361833e-03 2.400515759439031394e-03 9.697192652462216511e-05 -2.435813408504100552e-04 -1.181108615286446950e-04 -2.534280408537925577e-05 3.152998881053581393e-06
4.890487218811133407e-02 2.894079594142073830e-02 1.911853937441181095e-02 9.455995315475002050e-03 2.947821542532536032e-03 3.038711750867756356e-04 -2.092439131576862010e-04 -1.244323544603020970e-04 -3.133550159703513138e-05 -1.721968753143343633e-07
4.906420418855995946e-02 2.969783931093027129e-02 2.003485583386120650e-02 1.036757224672887889e-02 3.533059864989654408e-03 5.469906791445988681e-04 -1.563307310928491178e-04 -1.282718053605969022e-04 -3.697389071367906954e-05 -2.922709443117788020e-06
4.958819034425954175e-02 3.051698948988638971e-02 2.097106230566465890e-02 1.130034375443986217e-02 4.156085895815703202e-03 8.253751119255692270e-04 -8.095712440030211621e-05 -1.274341604580869758e-04 -4.318092710269005874e-05 -5.143882845934366621e-06
5.048059819101219370e-02 3.140272005050365189e-02 2.193373987586548501e-02 1.225528546648294026e-02 4.817386637440398967e-03 1.137339160805453386e-03 1.927673634498361377e-05 -1.184107017891539160e-04 -5.028562377130951777e-05 -7.458845593680263342e-06
5.173572030108525288e-02 3.235709247811884015e-02 2.292648796514668019e-02 1.323236778170389094e-02 5.517501759511905801e-03 1.481281693714406322e-03 1.447697070248860074e-04 -9.721209802325547766e-05 -5.744021556186584831e-05 -1.083537283906588211e-05
5.333857687374359002e-02 3.338021147611799910e-02 2.394988412949793088e-02 1.423043497383257028e-02 6.256401706934255902e-03 1.856247693405074783e-03 2.940841902902974203e-04 -6.046580483136387851e-05 -6.243996771337911866e-05 -1.610643904174924312e-05
5.526550865360069231e-02 3.447049645839547760e-02 2.500185236047804127e-02 1.524711593004873800e-02 7.033036841520151627e-03 2.262060030188528525e-03 4.646420347023949571e-04 -6.355762119700236745e-06 -6.206988897258791660e-05 -2.341520696717835914e-05
5.748513236030336482e-02 3.562478248505912548e-02 2.607835295951371757e-02 1.627877589748631670e-02 7.845147287821138682e-03 2.699072514026026881e-03 6.536093987723895493e-04 6.493344539698631124e-05 -5.288551202083102698e-05 -3.181693985682132464e-05
5.995958994329264602e-02 3.683832691385147129e-02 2.717420357178156054e-02 1.732059498509636031e-02 8.689289152446488806e-03 3.167753505518802748e-03 8.586200397607546275e-04 1.513809793130399539e-04 -3.215241548419622841e-05 -3.923475415228139251e-05
6.264599621835585663e-02 3.810482490340136308e-02 2.828381776955912752e-02 1.836686735990160357e-02 9.560965559087822307e-03 3.668331502524324605e-03 1.078139168340611076e-03 2.497647965846450102e-04 1.396866397246343539e-06 -4.283576988943493813e-05
6.549798016403639289e-02 3.941651997345164971e-02 2.940171953191970944e-02 1.941153855108167237e-02 1.045477801109645499e-02 4.200633672911874283e-03 1.311482408722752790e-03 3.564703887768416735e-04 4.724720859282383056e-05 -3.972188519309194366e-05
6.846722196934849902e-02 4.076444779110990901e-02 3.052282003100460772e-02 2.044887959497217189e-02 1.136459835689652975e-02 4.764099966911294892e-03 1.558660337774964155e-03 4.681711393512422159e-04 1.032904309294369050e-04 -2.769642970093522116e-05
7.150490579446816541e-02 4.213879796681473111e-02 3.164255687627599845e-02 2.147410853345070592e-02 1.228383293743846860e-02 5.357851918411857262e-03 1.820250798912473322e-03 5.822077574713924175e-04 1.663752634106230310e-04 -5.837520647089533554e-06
7.456303091510535497e-02 4.352934505877624483e-02 3.275703232275391230e-02 2.248377537472910637e-02 1.320585126228945860e-02 5.980691301382859426e-03 2.097415507072292185e-03 6.966943784414147967e-04 2.329715758843664553e-04 2.531399522522070900e-05
7.759554635381024634e-02 4.492589715006145568e-02 3.386322972589332625e-02 2.347583376430292801e-02 1.412456671490491811e-02 6.630988078101376915e-03 2.392031978665387637e-03 8.105030420725439777e-04 2.997077038179724040e-04 6.396602878551427285e-05
8.055929345398733787e-02 4.631873020894843040e-02 3.495927432518014522e-02 2.444947064545871518e-02 1.503504504727497249e-02 7.306541249723033649e-03 2.706782639581115091e-03 9.233114145768966941e-04 3.636440467095075624e-04 1.075519905480992744e-04
8.341475653149921232e-02 4.769899821626454040e-02 3.604460827010423640e-02 2.540487163191924858e-02 1.593396148577636007e-02 8.004562830108918892e-03 3.045033510230041318e-03 1.035826419657118191e-03 4.223212633108208713e-04 1.532548527425764417e-04
8.612663411125964785e-02 4.905911315835397024e-02 3.711993458811188584e-02 2.634310196148824390e-02 1.681977191057602850e-02 8.721873974569943622e-03 3.410459946590990721e-03 1.150114148433384331e-03 4.737564388261894521e-04 1.983711358466699881e-04
8.866425263736274487e-02 5.039306970389673124e-02 3.818686707976182149e-02 2.726617987592480641e-02 1.769257535540549875e-02 9.455284433462593507e-03 3.806529395832369822e-03 1.269833368338774138e-03 5.165714061235171517e-04 2.404259108326756156e-04
9.100185044892411534e-02 5.169665913581111827e-02 3.924736322368584107e-02 2.817726755983457343e-02 1.855376335995401194e-02 1.020203365141876539e-02 4.236034084934073296e-03 1.400177984317782509e-03 5.503245953207419605e-04 2.771086230471953016e-04
9.311876119659888429e-02 5.296749997952505951e-02 4.030313938897654713e-02 2.908078797074523103e-02 1.940561812031882383e-02 1.096015252337652346e-02 4.700839102363935096e-03 1.547466953876142082e-03 5.759606372983672173e-04 3.062113034289631885e-04
9.499952203514538951e-02 5.420483044553733865e-02 4.135529994297253154e-02 2.998226020217893695e-02 2.025101123782999113e-02 1.172866124490114237e-02 5.201890555370528024e-03 1.718485536077341003e-03 5.961728827416079568e-04 3.257477742674430576e-04
9.663392348512994667e-02 5.540906555580459025e-02 4.240432409804419100e-02 3.088775233496945938e-02 2.109329792999922737e-02 1.250756614093115338e-02 5.739405124784324741e-03 1.919774477965596748e-03 6.154789442806285482e-04 3.343345798532959545e-04
9.801700669160877399e-02 5.658120049056725165e-02 4.345038035120935005e-02 3.180306124628254349e-02 2.193635629407714172e-02 1.329764369477877406e-02 6.313136004124378364e-03 2.157065064603558291e-03 6.399487125916397678e-04 3.316845385870487162e-04
9.914900333322278214e-02 5.772220403781427867e-02 4.449378394199646203e-02 3.273288574643146154e-02 2.278456664779941743e-02 1.410013832427009506e-02 6.922651223689124667e-03 2.434965643437148053e-03 6.766590758544160922e-04 3.189685019718419001e-04
1.000352077928460398e-01 5.883256512244305902e-02 4.553534759222944983e-02 3.368026253171563233e-02 2.364261788581693835e-02 1.491650314841432012e-02 7.567538796941483681e-03 2.756879869321923748e-03 7.330289040353571428e-04 2.990024404361385502e-04
1.006857703182946623e-01 5.991211686805017478e-02 4.657642014565679944e-02 3.464645713659533777e-02 2.451512684696909028e-02 1.574819377945411991e-02 8.247483395606519663e-03 3.125107994805961797e-03 8.161921238755420749e-04 2.761869145227052735e-04
1.011154036761139907e-01 6.096017453110784412e-02 4.761856240663514539e-02 3.563133065596560400e-02 2.540611477919060834e-02 1.659650373497789655e-02 8.962210362241734840e-03 3.541080175506666761e-03 9.325135431285658250e-04 2.561981530556922682e-04
1.013430028349384532e-01 6.197592001685736651e-02 4.866300253302616174e-02 3.663398099006320852e-02 2.631848850302258291e-02 1.746246101951653973e-02 9.711338169947084098e-03 4.005629387489439974e-03 1.087284744617972310e-03 2.454856602090438322e-04
1.013911843903766014e-01 6.295889156908522633e-02 4.971013379831859536e-02 3.765332669213711236e-02 2.725378694260181811e-02 1.834670640060970248e-02 1.049424287632851061e-02 4.519135880254182558e-03 1.284628420238714819e-03 2.506583187572852811e-04
1.012857580587202960e-01 6.390942344496122751e-02 5.075929462590796082e-02 3.868839842972233989e-02 2.821227875915825745e-02 1.924933323778874050e-02 1.130994095140422373e-02 5.081550153098579603e-03 1.527558193014019738e-03 2.779500896322728565e-04
1.010551444594983417e-01 6.482892221826822010e-02 5.180893775790955391e-02 3.973827426907793059e-02 2.919331438606495577e-02 2.016981974309213499e-02 1.215693716142388081e-02 5.692402680902097778e-03 1.818113180962893649e-03 3.328719291129378366e-04
1.007297520184885081e-01 6.571994083491451699e-02 5.285711495478304101e-02 4.080177731913550709e-02 3.019575916054000053e-02 2.110711395316366978e-02 1.303304000165203536e-02 6.350824184144815421e-03 2.157515158165118629e-03 4.200316325770753201e-04
1.003413237412148357e-01 6.658608396775178573e-02 5.390206394472467355e-02 4.187717353411297971e-02 3.121829448649320049e-02 2.205984319438375474e-02 1.393522955389914220e-02 7.055512340828407059e-03 2.546337544099927519e-03 5.430427103261387112e-04
9.992226359617649434e-02 6.743181795623841290e-02 5.494265325503816522e-02 4.296208367880499646e-02 3.225945600562141191e-02 2.302658442004798522e-02 1.485969677360639285e-02 7.804583450962840341e-03 2.984692740461938887e-03 7.044966892082449306e-04
9.950495283115465273e-02 6.826225503577168507e-02 5.597852437754982646e-02 4.405368458192994441e-02 3.331744897958760498e-02 2.400611085893707142e-02 1.580206443015373663e-02 8.595374536687669376e-03 3.472369986482232163e-03 9.060601449578237210e-04
9.912106801711695336e-02 6.908294479534023147e-02 5.700992017017401936e-02 4.514910796992739617e-02 3.438990620363080453e-02 2.499751520924238524e-02 1.675769179059066749e-02 9.424310992491746752e-03 4.008854957366761451e-03 1.148668610015279867e-03
9.880091388469952607e-02 6.989966374536435434e-02 5.803732901246698439e-02 4.624583232737433658e-02 3.547376483881865827e-02 2.600010044912268170e-02 1.772205836780177401e-02 1.028682585646252534e-02 4.593266980992341542e-03 1.432703656544340176e-03
9.857278436852505432e-02 7.071817617845983783e-02 5.906113037885089845e-02 4.734187372805213900e-02 3.656535395648533027e-02 2.701303961837683842e-02 1.869117412201082296e-02 1.117736075564761122e-02 5.224221857473274055e-03 1.758169105057882931e-03
9.846236382845618973e-02 7.154394822035191337e-02 6.008138807917746960e-02 4.843568900614562966e-02 3.766065280738373211e-02 2.803496234411297083e-02 1.966182105421035442e-02 1.208953891073877296e-02 5.899593703425312641e-03 2.124847384023867414e-03
9.849217771373064423e-02 7.238182409746884982e-02 6.109784050381318610e-02 4.952582226424048772e-02 3.875560530803630332e-02 2.906368368121718671e-02 2.063155369455933752e-02 1.301653659835078081e-02 6.616263153484278070e-03 2.532378132810764182e-03
9.868110015188207018e-02 7.323571011002510955e-02 6.211001138140065381e-02 5.061045691442385419e-02 3.984638989740182935e-02 3.009621319750725721e-02 2.159848840055014763e-02 1.395155748721180200e-02 7.369977759824966612e-03 2.980240634448100279e-03
9.904392752425678070e-02 7.410833161052392259e-02 6.311729325565615389e-02 5.168711468220228700e-02 4.092953365611654015e-02 3.112895047869529419e-02 2.256093091868460743e-02 1.488820937971478686e-02 8.155343986349622432e-03 3.467606857207275461e-03
9.959103059302883143e-02 7.500111215743029969e-02 6.411890024277704103e-02 5.275265692897868064e-02 4.200178974902109286e-02 3.215792748244952759e-02 2.351701798100866436e-02 1.582073898494887332e-02 8.965992642522749301e-03 3.993162664822844099e-03
1.003281015982708940e-01 7.591418495154934887e-02 6.511369631066235564e-02 5.380356103217547037e-02 4.305986724026877877e-02 3.317906638123568897e-02 2.446457758690522011e-02 1.674418661787921425e-02 9.794938833308661219e-03 4.554983146523736148e-03
1.012560163664830148e-01 7.684650993602142044e-02 6.609999858226009439e-02 5.483629797120451177e-02 4.410020868451600129e-02 3.418835991733262802e-02 2.540120271681865771e-02 1.765438968087301719e-02 1.063497710118742334e-02 5.150381179823124156e-03
1.023708312518280955e-01 7.779605178023586698e-02 6.707547908366787159e-02 5.584761260733536736e-02 4.511895814887613432e-02 3.518188801859932491e-02 2.632441019549255912e-02 1.854784148187364756e-02 1.147900002941769360e-02 5.775781087473064179e-03
1.036639288092622568e-01 7.875997629926394239e-02 6.803724701872873593e-02 5.683460157358846687e-02 4.611215893601808280e-02 3.615574444517492825e-02 2.723176839430671570e-02 1.942155383920435296e-02 1.232023888702399317e-02 6.426729550991758244e-03
1.051223158486488257e-01 7.973483978241793779e-02 6.898211919980941353e-02 5.779461174239863830e-02 4.707609997023484705e-02 3.710600538988244324e-02 2.812092294345683308e-02 2.027303163776936201e-02 1.315245273922650837e-02 7.098031040833216454e-03
1.067290647557277983e-01 8.071676863861340645e-02 6.990700526974706619e-02 5.872508129991245440e-02 4.800763627867017658e-02 3.802884739578180073e-02 2.898955319466636760e-02 2.110033695988368374e-02 1.397010726508239598e-02 7.783956741274217217e-03
1.084638767772300033e-01 8.170164417717742933e-02 7.080928161553942668e-02 5.962346962147033191e-02 4.890435514174883147e-02 3.892083336357750334e-02 2.983535986012321450e-02 2.190212790325946068e-02 1.476855558412600022e-02 8.478513735592482781e-03
1.103037373391091425e-01 8.268530883919295027e-02 7.168703283572447349e-02 6.048737388143661520e-02 4.976459404925728802e-02 3.977924928965138884e-02 3.065617048494773123e-02 2.267760765880567908e-02 1.554418027722292983e-02 9.175764502884375950e-03
1.122236296070555639e-01 8.366379373470296532e-02 7.253910382124544032e-02 6.131484542849245656e-02 5.058738903057330427e-02 4.060234608290937131e-02 3.145016746304662991e-02 2.342642745057790798e-02 1.629444403157617738e-02 9.870154837883018950e-03
1.141972728598913273e-01 8.463354186917565469e-02 7.336500012587073016e-02 6.210482086635152332e-02 5.137243389003764982e-02 4.138942760085932704e-02 3.221615785000785104e-02 2.414862445046682404e-02 1.701783939228565523e-02 1.055679746640664218e-02
1.161978553042975759e-01 8.559158299715637075e-02 7.416475044423320728e-02 6.285750729542603776e-02 5.212011770320132409e-02 4.214080420146451567e-02 3.295379303928872017e-02 2.484463832279602824e-02 1.771377437770654817e-02 1.123168296150087175e-02
1.181987351297832667e-01 8.653561835447097506e-02 7.493885799268680536e-02 6.357456467437352932e-02 5.283166894158271287e-02 4.285766579409326649e-02 3.366367761740032827e-02 2.551540684884211208e-02 1.838244527200033618e-02 1.189182037508518253e-02
1.201740877528703760e-01 8.746399862500985056e-02 7.568840635452857291e-02 6.425902848567292824e-02 5.350935202354049902e-02 4.354195352850086242e-02 3.434733198802318588e-02 2.616251558293188062e-02 1.902474602475053012e-02 1.253531672341240411e-02
1.220994813851833810e-01 8.837561646287411810e-02 7.641528388648216596e-02 6.491504177517902485e-02 5.415659627832171419e-02 4.419631268040026539e-02 3.500702395962503044e-02 2.678834132754737141e-02 1.964224878327842927e-02 1.316137435500711050e-02
1.239523690632836211e-01 8.926976992196469785e-02 7.712240894339704445e-02 6.554752070568110878e-02 5.477796432838748231e-02 4.482414795003276942e-02 3.564554487199485255e-02 2.739608764740383839e-02 2.023723761953097333e-02 1.377016339726364058e-02
1.257124923898714219e-01 9.014606362670751771e-02 7.781382189257618487e-02 6.616186231478721202e-02 5.537895089410662525e-02 4.542971310528996082e-02 3.626601512073298478e-02 2.798963196084212207e-02 2.081272404833552775e-02 1.436259292989031794e-02
1.273621972720878348e-01 9.100439128701168223e-02 7.849455773771396583e-02 6.676375715765217600e-02 5.596565959390113060e-02 4.601813132384131172e-02 3.687178353243891066e-02 2.857321367799833117e-02 2.137238224628854738e-02 1.494009095276181004e-02
1.288866665280710699e-01 9.184500296321970736e-02 7.917029129042395252e-02 6.735910506291011013e-02 5.654443708577086558e-02 4.659528010929216146e-02 3.746644792175805871e-02 2.915109815720820508e-02 2.192039824174601970e-02 1.550447404072444191e-02
1.302740790633727386e-01 9.266862125360193769e-02 7.984682561666316125e-02 6.795398363001899089e-02 5.712155351098864575e-02 4.716754102307750551e-02 3.805396448215038474e-02 2.972736668420462858e-02 2.246130000159551887e-02 1.605791487338824319e-02
1.315157075985936008e-01 9.347654374202434002e-02 8.052955353835025698e-02 6.855460056560570836e-02 5.770298276483253053e-02 4.774145726755092689e-02 3.863876005035692118e-02 3.030589367850083926e-02 2.299985123264852716e-02 1.660298322285554129e-02
1.326059660527939277e-01 9.427066650785678736e-02 8.122303769117464323e-02 6.916715909731283030e-02 5.829428210847451691e-02 4.832336160130557695e-02 3.922574171617006916e-02 3.089041841080925749e-02 2.354098300141051897e-02 1.714268784285189612e-02
1.335424148792166421e-01 9.505339138563798085e-02 8.193080461793300628e-02 6.979759081481012872e-02 5.890054989683942560e-02 4.891905049812789869e-02 3.982012694549236925e-02 3.148453644065035001e-02 2.408963440690149033e-02 1.768041967020173716e-02
1.343257289043198466e-01 9.582742574019614823e-02 8.265534781324707092e-02 7.045119408773527214e-02 5.952643915102907857e-02 4.953356500774146187e-02 4.042709793259519069e-02 3.209155571101544868e-02 2.465047269803012642e-02 1.821980567589125133e-02
