8.326672684688674053e-17
8.326672684688674053e-17
-1.942890293094023946e-16
-2.775557561562891351e-17
1.942890293094023946e-16
8.326672684688674053e-17
-5.551115123125782702e-17
2.775557561562891351e-17
1.942890293094023946e-16
1.804112415015879378e-16
-3.885780586188047891e-16
-1.387778780781445676e-16
2.220446049250313081e-16
-9.714451465470119729e-17
-2.220446049250313081e-16
-3.747002708109903324e-16
4.163336342344337027e-17
1.942890293094023946e-16
-1.110223024625156540e-16
2.081668171172168513e-16
-8.326672684688674053e-17
-4.163336342344337027e-17
3.885780586188047891e-16
-2.498001805406602216e-16
6.938893903907228378e-17
2.359223927328457648e-16
-1.526556658859590243e-16
-2.636779683484746784e-16
-5.689893001203927270e-16
-3.066991105526994943e-15
-6.133982211053989886e-15
-8.493206138382447534e-15
-1.208755318060639183e-14
-1.869338017712607325e-14
-2.832456491574930624e-14
-4.404809850200308574e-14
-6.800116025829083810e-14
-9.164891068280667241e-14
-4.013456234019940894e-14
5.657696533489797730e-13
4.247921459032966141e-12
1.864497445325241642e-11
4.516639839913239030e-11
1.969682750235790536e-11
-2.220632566718450107e-10
-8.285079566849873345e-10
-1.831007678809726258e-09
-3.210711432832802359e-09
-4.979991460873911535e-09
-7.156486625525815271e-09
-9.697485758852764093e-09
-1.247914205304567759e-08
-1.533878857262749307e-08
-1.816451630776150239e-08
-2.100248058800602280e-08
-2.414410911477649080e-08
-2.815986725746011388e-08
-3.386547228756420225e-08
-4.223009691939338950e-08
-5.424927912445198785e-08
-7.080015018701146801e-08
-9.248103316483735625e-08
-1.194333416471016207e-07
-1.511704704748595418e-07
-1.864888270058928654e-07
-2.235672313111169984e-07
-2.603223746566740715e-07
-2.949757942488639983e-07
-3.266663478052045377e-07
-3.559004021769229809e-07
-3.847090134789787896e-07
-4.165297770170051095e-07
-4.559510684704060068e-07
-5.084721102638356527e-07
-5.803416656957605113e-07
-6.783985840863593353e-07
-8.097281086194563215e-07
-9.809533602356257376e-07
-1.197148775694545364e-06
-1.460611793957511395e-06
-1.769858552019831777e-06
-2.119086546917281488e-06
-2.498089359564970025e-06
-2.892484090619151793e-06
-3.284252278773491796e-06
-3.652841818704843924e-06
-3.977110223138402567e-06
-4.238017036445329566e-06
-4.421385821795631443e-06
-4.519782192513588370e-06
-4.532969942114273287e-06
-4.467207464664557648e-06
-4.334037701655968355e-06
-4.148819173807605232e-06
-3.928588967458401804e-06
-3.688845724270084503e-06
-3.439722139314538296e-06
-3.183024206682150137e-06
-2.911721199636008173e-06
-2.612398763507384203e-06
-2.269707598867576337e-06
-1.871013329074466824e-06
-1.409638473406915615e-06
-8.858476690520866725e-07
-3.056003715223853945e-07
3.220362437134083322e-07
9.873112977593079265e-07
1.680723445376952618e-06
2.392188214087043185e-06
3.109387043315203769e-06
3.816775851581133416e-06
4.496322314348488725e-06
5.130099308581215212e-06
5.703934577813707385e-06
6.210714078941359517e-06
6.651800712215161226e-06
7.035501395413756853e-06
7.372598305729893831e-06
7.670280391600114989e-06
7.926709043190593995e-06
8.128429596687691827e-06
8.251907435863348184e-06
8.269033845417772532e-06
8.155004105656060709e-06
7.895987133008097736e-06
7.493923449730655051e-06
6.966744410433212131e-06
6.343853331494675452e-06
5.658112005563209479e-06
4.936445598735517137e-06
4.191614834322954231e-06
3.417796833854458427e-06
2.592058643377526117e-06
1.682199305894083174e-06
6.589976455501078689e-07
-4.912218575514604169e-07
-1.758200486159933185e-06
-3.106240162129014770e-06
-4.479297528892089986e-06
-5.809990916871843325e-06
-7.029255189874850096e-06
-8.074477530845003415e-06
-8.895558890414934083e-06
-9.459331436173501473e-06
-9.752729364834178405e-06
-9.784455457392815525e-06
-9.584373925605738087e-06
-9.200055665944950611e-06
-8.690787936416199955e-06
-8.120404657488422551e-06
-7.550864689107039673e-06
-7.038256623140282109e-06
-6.631886773911244148e-06
-6.375697878119312989e-06
-6.310125837988289632e-06
-6.472343269420255396e-06
-6.893940550409261014e-06
-7.596894341807547413e-06
-8.590007028574930814e-06
-9.867965755694374508e-06
-1.141381974981148240e-05
-1.320390368222956745e-05
-1.521308349826389072e-05
-1.741825506637595389e-05
-1.979919622252523936e-05
-2.233745981365664601e-05
-2.501502224411256137e-05
-2.781420086327146546e-05
-3.071904719953444385e-05
-3.371688169083453257e-05
-3.679791563956924527e-05
-3.995156137531763463e-05
-4.315972718060834268e-05
-4.638911413010204932e-05
-4.958530581536391146e-05
-5.267099473751923888e-05
-5.554945007289757708e-05
-5.811290616017372734e-05
-6.025430514658425274e-05
-6.187993146858361548e-05
-6.292012897016197037e-05
-6.333571023896256147e-05
-6.311885199687672365e-05
-6.228885623567326224e-05
-6.088454045717617280e-05
-5.895566549568576065e-05
-5.655552867242508164e-05
-5.373589170078185706e-05
-5.054430576471868886e-05
-4.702314682859809469e-05
-4.320948920186196140e-05
-3.913516473891265335e-05
-3.482666330971440072e-05
-3.030475994447723309e-05
-2.558397084033436908e-05
-2.067224356316899048e-05
-1.557159076903680273e-05
-1.028041939143964356e-05
-4.797860199079462262e-06
8.704920021751494374e-07
6.706955821722537792e-06
1.267818970322742711e-05
1.873511960610863003e-05
2.481663014582136118e-05
3.085596021269731981e-05
3.678792468522762427e-05
4.255512545991990692e-05
4.811211867003506448e-05
5.342754518133929764e-05
5.848485619348864351e-05
6.328213011867755977e-05
6.783082755358604832e-05
7.215288190093316345e-05
7.627589043764093635e-05
8.022727061601786502e-05
8.402925865100274727e-05
8.769665780519741993e-05
9.123808623846818566e-05
9.465976773885553808e-05
9.796964668025431866e-05
1.011795135361093223e-04
1.043039737373546716e-04
1.073568574432720579e-04
1.103470381134952216e-04
1.132758047453497063e-04
1.161368718573529968e-04
1.189185642984230684e-04
1.216066877439414551e-04
1.241866397961033375e-04
1.266442203892020890e-04
1.289656981208059383e-04
1.311383602309035279e-04
1.331526707289837352e-04
1.350062538316709748e-04
1.367086113917143075e-04
1.382845630804735437e-04
1.397745536950156797e-04
1.412312439779406237e-04
1.427135465497941791e-04
1.442805525326135152e-04
1.459878267458386558e-04
1.478870688941813505e-04
1.500277510712577644e-04
1.524574819739693554e-04
1.552179684518456559e-04
1.583357955740188894e-04
1.618104218531063454e-04
1.656037619105626968e-04
1.696354950718598209e-04
1.737863713908438523e-04
1.779095213703951739e-04
1.818478554222735522e-04
1.854542021887534142e-04
1.886100738567320079e-04
1.912393390023081619e-04
1.933147428812842517e-04
1.948573294909411446e-04
1.959302280870184321e-04
1.966286064074146411e-04
1.970674630028396157e-04
1.973688744857649002e-04
1.976501461636581691e-04
1.980137243623725229e-04
1.985391086069959732e-04
1.992771400125548098e-04
2.002478742763047492e-04
2.014433725547049026e-04
2.028349972353071795e-04
2.043823431134156321e-04
2.060404965251727560e-04
2.077647468304022471e-04
2.095147007819680995e-04
2.112599788236801945e-04
2.129871401084226790e-04
2.147047872680662994e-04
2.164435483317656006e-04
2.182500268180093128e-04
2.201766123262199892e-04
2.222700186219894736e-04
2.245607760141543618e-04
2.270556411024526877e-04
2.297356512282189289e-04
2.325622482479278164e-04
2.354905162862686030e-04
2.384839626133894441e-04
2.415239416168474262e-04
2.446104779170871213e-04
2.477564446306812496e-04
2.509793561331075118e-04
2.542938942942801761e-04
2.577065539916545411e-04
2.612133426826285243e-04
2.648013262932791267e-04
2.684536229554945752e-04
2.721556037168920694e-04
2.758990089173768423e-04
2.796816129136958651e-04
2.835028463668842758e-04
2.873583064368634421e-04
2.912359831472588478e-04
2.951147319956576309e-04
2.989638931573668224e-04
3.027435264811723092e-04
3.064060966062737146e-04
3.099006373694229710e-04
3.131792211681361238e-04
3.162042503608714084e-04
3.189546609343313355e-04
3.214290217326831733e-04
3.236432958281243444e-04
3.256225671368351282e-04
3.273905931460291407e-04
3.289645985413425233e-04
3.303594805613291330e-04
3.315972573753600550e-04
3.327129046376275934e-04
3.337512748732146539e-04
3.347570227739127269e-04
3.357635765330602151e-04
3.367863547980992633e-04
3.378222846764367127e-04
3.388549074892777124e-04
3.398625212670536300e-04
3.408258515266993083e-04
3.417323094029728336e-04
3.425759602288802608e-04
3.433544141212413470e-04
3.440649489783176307e-04
3.447024333052828293e-04
3.452606852892559086e-04
3.457365009150170643e-04
3.461334171913355018e-04
3.464623367867292192e-04
3.467382240755073619e-04
3.469746112213512035e-04
3.471790768430627061e-04
3.473521485213154625e-04
3.474894879083867405e-04
3.475847861855868581e-04
3.476309858214676751e-04
3.476200528465256401e-04
3.475433624910151398e-04
3.473938970341566845e-04
3.471693903310812956e-04
3.468744396604162006e-04
3.465199684609815423e-04
3.461199268449260957e-04
3.456870610709233960e-04
3.452302320399031066e-04
3.447541200759796087e-04
3.442602113730153235e-04
3.437481276162696053e-04
3.432176011250176462e-04
3.426711167089091514e-04
3.421158959070191852e-04
3.415638201405279961e-04
3.410291335083914799e-04
3.405249060197956812e-04
3.400598202707300066e-04
3.396367816295292608e-04
3.392538543538770046e-04
3.389065685627662416e-04
3.385900023947924220e-04
3.382998577447088318e-04
3.380329567551076941e-04
3.377876715039418443e-04
3.375639382017514567e-04
3.373624128611141249e-04
3.371834947268337324e-04
3.370273262370271361e-04
3.368942640856048554e-04
3.367842069866844312e-04
3.366948382278744933e-04
3.366208441957924125e-04
3.365553353824601857e-04
3.364925708722044106e-04
3.364303727150241841e-04
3.363708770951212568e-04
3.363189498043483994e-04
3.362792420393834192e-04
3.362541239195770970e-04
3.362438522564181742e-04
3.362483671036642363e-04
3.362688315286938012e-04
3.363070703441828346e-04
3.363628622123082668e-04
3.364313702385879346e-04
3.365032018436131533e-04
3.365672635625982512e-04
3.366142185642490015e-04
3.366383761347069292e-04
3.366376843142032671e-04
3.366126311238476498e-04
3.365647363824109117e-04
3.364952644582946961e-04
3.364050434625509567e-04
3.362957338927524686e-04
3.361711950423812434e-04
3.360369077381047953e-04
3.358974581405133053e-04
3.357543059886031189e-04
3.356054873292491081e-04
3.354467183361575788e-04
3.352723908011390197e-04
3.350761656873979533e-04
3.348524699459815013e-04
3.345994709334498829e-04
3.343216545864113876e-04
3.340295407243121240e-04
3.337364408853987774e-04
3.334546352550260551e-04
3.331932999446479693e-04
3.329584879278035814e-04
3.327537960694237906e-04
3.325805861427028054e-04
3.324378484341888873e-04
3.323222065603759212e-04
3.322282488892186469e-04
3.321493620205839825e-04
3.320793316752418400e-04
3.320142105197043669e-04
3.319528944266680881e-04
3.318954198479606710e-04
3.318401132286347144e-04
3.317820217083045087e-04
3.317141508309973119e-04
3.316307355746839214e-04
3.315301236276602115e-04
3.314152686046956120e-04
3.312918526515995499e-04
3.311658704713421608e-04
3.310423180603871973e-04
3.309249715882922604e-04
3.308164550918368807e-04
3.307181375077072882e-04
3.306297246414430235e-04
3.305490167516689226e-04
3.304728022710812230e-04
3.303987242651851286e-04
3.303264792996196686e-04
3.302574527965507212e-04
3.301936396980093003e-04
3.301368092371859131e-04
3.300879624317659689e-04
3.300469878321776740e-04
3.300128487580406000e-04
3.299846073487044951e-04
3.299627770804031135e-04
3.299496602371387866e-04
3.299478033866043436e-04
3.299575230781559565e-04
3.299756155459437901e-04
3.299963036049180509e-04
3.300135205238086122e-04
3.300229515265928892e-04
3.300229384714387093e-04
3.300143253180121139e-04
3.299998022039396517e-04
3.299830089678046363e-04
3.299674032325033979e-04
3.299552939688005226e-04
3.299475023533920970e-04
3.299434923548227871e-04
3.299416275333033610e-04
3.299397215432292585e-04
3.299361002789269470e-04
3.299304677079062387e-04
3.299233428135789348e-04
3.299141456290649588e-04
3.298999831577720254e-04
3.298769746939572700e-04
3.298432894356662093e-04
3.298011700215153219e-04
3.297562552875832331e-04
3.297150805809251350e-04
3.296828888510044964e-04
3.296628140946611385e-04
3.296560521360292206e-04
3.296624352366467336e-04
3.296810400493233040e-04
3.297105153348411921e-04
3.297492298983406567e-04
3.297956182510275447e-04
3.298485326186650912e-04
3.299070174770935004e-04
3.299695444116540477e-04
3.300334403848609321e-04
3.300951586189260212e-04
3.301514582274012177e-04
3.302008433741926430e-04
3.302441539600603493e-04
3.302836772538786381e-04
3.303214539020077334e-04
3.303583245132940549e-04
3.303944489221055658e-04
3.304301751550914323e-04
3.304658281297612188e-04
3.305008122286567929e-04
3.305334700055145847e-04
3.305619498908118903e-04
