4.103267283586355951e-01
4.109052093784749671e-01
4.124351997612717424e-01
4.148999503568535641e-01
4.182137477541894022e-01
4.222556538468587028e-01
4.268803320975192994e-01
4.319259707725273678e-01
4.372212634878254178e-01
4.425916886651518611e-01
4.478651274510431768e-01
4.528768866089036838e-01
4.574741918215103342e-01
4.615201624823573878e-01
4.648972112986093919e-01
4.675097749439348638e-01
4.692862949489677860e-01
4.701804196079349962e-01
4.701714575381931160e-01
4.692641520354289275e-01
4.674878497101860875e-01
4.648951155307847749e-01
4.615598212039099257e-01
4.575747258508254811e-01
4.530485854351702923e-01
4.481028625204976912e-01
4.428681430557016574e-01
4.374803857464476531e-01
4.320771264627087938e-01
4.267937418630081137e-01
4.217598567369138518e-01
4.170959699809674293e-01
4.129103768651732342e-01
4.092964730038496923e-01
4.063305264882147716e-01
4.040699906242993800e-01
4.025524006555563084e-01
4.017948620322541742e-01
4.017941064135039930e-01
4.025270722013030156e-01
4.039519596754876929e-01
4.060097111951944671e-01
4.086258668124812532e-01
4.117127411205213638e-01
4.151718589550013605e-01
4.188965809230928983e-01
4.227748493461512824e-01
4.266919922482364513e-01
4.305335345421059112e-01
4.341879744397011409e-01
4.375494846818973049e-01
4.405204922862849815e-01
4.430140802778471665e-01
4.449561470923195650e-01
4.462872597581572509e-01
4.469641459509195447e-01
4.469607841502016288e-01
4.462690656323350380e-01
4.448990122795211111e-01
4.428785396554226206e-01
4.402527586005559601e-01
4.370828156569502854e-01
4.334442863873201324e-01
4.294251555670266507e-01
4.251234396554681716e-01
4.206445243284001045e-01
4.160982994591166384e-01
4.115961762940186230e-01
4.072480700260786013e-01
4.031594285287091184e-01
3.994283874158349179e-01
3.961431324002753218e-01
3.933795481667476945e-01
3.911992282583715008e-01
3.896479082599968446e-01
3.887543589986107162e-01
3.885297577364326682e-01
3.889675409913085913e-01
3.900437290737662210e-01
3.917177029214681805e-01
3.939334059588446291e-01
3.966209351756576074e-01
3.996984750239790385e-01
4.030745164430864502e-01
4.066502960632037977e-01
4.103223892174079346e-01
4.139853927048668947e-01
4.175346378503039801e-01
4.208688782198146683e-01
4.238928953489857765e-01
4.265199614215981483e-01
4.286740950654281956e-01
4.302920482348157050e-01
4.313249689673313014e-01
4.317396965843326440e-01
4.315196585506508864e-01
4.306653476475325593e-01
4.291943635794708278e-01
4.271410068467904608e-01
4.245554185999574903e-01
4.215022715207514259e-01
4.180590344725694241e-01
4.143138553962360526e-01
4.103631277078191864e-01
4.063088198633745818e-01
4.022556531193575147e-01
3.983082098343678212e-01
3.945680482833442415e-01
3.911308955616512595e-01
3.880839912969611394e-01
3.855036602122253186e-01
3.834531955563917349e-01
3.819811327597754103e-01
3.811199792204862380e-01
3.808854401799699474e-01
3.812761478074774280e-01
3.822738708914000805e-01
3.838441644309918410e-01
3.859374151196629521e-01
3.884902464220260088e-01
3.914272566641369133e-01
3.946630661050943290e-01
3.981046392413966073e-01
4.016538285924103335e-01
4.052100637822244611e-01
4.086730933867338544e-01
4.119456834548055335e-01
4.149361889031729089e-01
4.175609363668334462e-01
4.197463789235468257e-01
4.214309971468378491e-01
4.225669229120614379e-01
4.231212529307121217e-01
4.230770056045362049e-01
4.224336668356593050e-01
4.212072757262609879e-01
4.194300223988488008e-01
4.171493611675682889e-01
4.144266723974801003e-01
4.113355276224559542e-01
4.079596223545107758e-01
4.043904415039208944e-01
4.007247181571539918e-01
3.970617434407118229e-01
3.935005877880737302e-01
3.901373039134712339e-01
3.870621961258938759e-01
3.843572516654200077e-01
3.820938306372622106e-01
3.803306995040918181e-01
3.791124707896206814e-01
3.784684836186823498e-01
3.784121334410014414e-01
3.789406420264092024e-01
3.800352530368005244e-01
3.816618398614799457e-01
3.837719134949774680e-01
3.863040136040979400e-01
3.891854536070973869e-01
3.923343722666257083e-01
3.956620258008319291e-01
3.990752427541760516e-01
4.024789624381547859e-01
4.057787853972477654e-01
4.088834767413402904e-01
4.117073746688603153e-01
4.141726612443296096e-01
4.162114484747023724e-01
4.177676252048193595e-01
4.187984068815827077e-01
4.192755338346391136e-01
4.191860744120019522e-01
4.185328056449816869e-01
4.173341610682890224e-01
4.156237478153460563e-01
4.134494434962300846e-01
4.108720908383870496e-01
4.079638164282352042e-01
4.048060105671770215e-01
4.014870193475263971e-01
3.980996166238797151e-01
3.947383387078531314e-01
3.914967730956924741e-01
3.884648921955018430e-01
3.857265158950946571e-01
3.833569762633290412e-01
3.814210460359471755e-01
3.799711810879602414e-01
3.790461171395033690e-01
3.786698532099392889e-01
3.788510474599672273e-01
3.795828422110130163e-01
3.808431231445188470e-01
3.825952042567514755e-01
3.847889156452786175e-01
3.873620564263822730e-01
3.902421633417244573e-01
3.933485393234271710e-01
3.965944840431528950e-01
3.998896675408146750e-01
4.031425872502265584e-01
4.062630483241737034e-01
4.091646070552418246e-01
4.117669171588382859e-01
4.139979192585817591e-01
4.157958161234755479e-01
4.171107807966973891e-01
4.179063513487297210e-01
4.181604730158733907e-01
4.178661556467760940e-01
4.170317228736575288e-01
4.156806384107909480e-01
4.138509041704261926e-01
4.115940370146397576e-01
4.089736456616215876e-01
4.060636436290623319e-01
4.029461479016970271e-01
3.997091262501930586e-01
3.964438661082917426e-01
3.932423430652610685e-01
3.901945680924930882e-01
3.873859909367982080e-01
3.848950343100282501e-01
3.827908306801683369e-01
3.811312294693093294e-01
3.799611358035239750e-01
3.793112328224373941e-01
3.791971277530776785e-01
3.796189469534433369e-01
3.805613883264958863e-01
3.819942234347823984e-01
3.838732276701048995e-01
3.861415048452627730e-01
3.887311627940988057e-01
3.915652891889828124e-01
3.945601706616592708e-01
3.976276929195993182e-01
4.006778555102434303e-01
4.036213321794956954e-01
4.063720063372295299e-01
4.088494113630180005e-01
4.109810080182598191e-01
4.127042362733298608e-01
4.139682849990094504e-01
4.147355291046033732e-01
4.149825910325243283e-01
4.147009933340968235e-01
4.138973810177567492e-01
4.125933056549885292e-01
4.108245766112139652e-01
4.086401967734653029e-01
4.061009110249240717e-01
4.032774063595395697e-01
4.002482128206473755e-01
3.970973647000783924e-01
3.939118914599574750e-01
3.907792161299163403e-01
3.877845444237240646e-01
3.850083302920233042e-01
3.825239025223425848e-01
3.803953310448754399e-01
3.786756006476030278e-01
3.774051456613228828e-01
3.766107842034556175e-01
3.763050758863705214e-01
3.764861125809464415e-01
3.771377388724845847e-01
3.782301887126758855e-01
3.797211162580708677e-01
3.815569884451953664e-01
3.836747934952002836e-01
3.860040064203468235e-01
3.884687438069425180e-01
3.909900368908409418e-01
3.934881515834426913e-01
3.958848856264045590e-01
3.981057781027623754e-01
4.000821739760616058e-01
4.017530938224833648e-01
4.030668655389636479e-01
4.039824806083462949e-01
4.044706427601929555e-01
4.045144814464106675e-01
4.041099085536647983e-01
4.032656069816858979e-01
4.020026529070194754e-01
4.003537862775570222e-01
3.983623540118607087e-01
3.960809568372275491e-01
3.935698369261126928e-01
3.908950528352025389e-01
3.881264979351589650e-01
3.853358239400991314e-01
3.825943322862369600e-01
3.799708960407940372e-01
3.775299753607586073e-01
3.753297896839724590e-01
3.734207085446220042e-01
3.718439175808217478e-01
3.706304045312260875e-01
