4.200091923088997148e-01
4.205868356823797560e-01
4.221456395572367182e-01
4.246615169459407868e-01
4.280404731515584094e-01
4.321527014919342990e-01
4.368431314903458151e-01
4.419395054166352921e-01
4.472597646798125437e-01
4.526188447370901313e-01
4.578348565999458275e-01
4.627346907119131991e-01
4.671590804696653665e-01
4.709671031707716726e-01
4.740400269111579301e-01
4.762843803811119825e-01
4.776341454372057815e-01
4.780520332580358023e-01
4.775298696433102341e-01
4.760881539415263708e-01
4.737748599482362044e-01
4.706635289717652215e-01
4.668506894098374271e-01
4.624526430933310617e-01
4.576016897886907020e-01
4.524419046571459546e-01
4.471246191561362160e-01
4.418037693764818030e-01
4.366312660165979631e-01
4.317525182346841905e-01
4.273022243738147097e-01
4.234005347899136296e-01
4.201496934229642100e-01
4.176312645935738033e-01
4.159040385133710993e-01
4.150026789523045823e-01
4.149371350071074382e-01
4.156927977830284782e-01
4.172313529219618955e-01
4.194922652985926259e-01
4.223948289300150094e-01
4.258407148078672821e-01
4.297169450574309657e-01
4.338992124374851378e-01
4.382554537443866804e-01
4.426495802806662550e-01
4.469452713827958279e-01
4.510097461525659490e-01
4.547174379754266305e-01
4.579535000672294021e-01
4.606170661455722959e-01
4.626241808120129528e-01
4.639103065219067901e-01
4.644323148487028985e-01
4.641698816221873081e-01
4.631262260136347897e-01
4.613281574151479880e-01
4.588254159446238933e-01
4.556893107391487008e-01
4.520106770586688194e-01
4.478971926117242819e-01
4.434701184154677400e-01
4.388605588866555385e-01
4.342053645489062919e-01
4.296428222794577145e-01
4.253082880449727265e-01
4.213299155744004709e-01
4.178246251953511292e-01
4.148944446604866387e-01
4.126233406693120553e-01
4.110746454595530230e-01
4.102891647543153719e-01
4.102840290279696767e-01
4.110523185555324255e-01
4.125634571254550576e-01
4.147643388910743356e-01
4.175811294451641786e-01
4.209216670383270076e-01
4.246783805748790552e-01
4.287316333397928059e-01
4.329533940755196930e-01
4.372111296397152569e-01
4.413718067547811597e-01
4.453058873263913697e-01
4.488912041519607099e-01
4.520166112324934815e-01
4.545853128828792888e-01
4.565177843513260614e-01
4.577542021556993412e-01
4.582563069951973156e-01
4.580086302638969875e-01
4.570190299402572265e-01
4.553185031223533907e-01
4.529602679789168085e-01
4.500181343405792456e-01
4.465842070342530556e-01
4.427659876689603591e-01
4.386829596320996894e-01
4.344627597913574002e-01
4.302370595217499538e-01
4.261372961341424181e-01
4.222904105373785910e-01
4.188147526722631464e-01
4.158163089034421223e-01
4.133853854998706945e-01
4.115938541884283097e-01
4.104930359665924788e-01
4.101122730473380495e-01
4.104582177756833650e-01
4.115148488138131722e-01
4.132442043055380432e-01
4.155877982716940089e-01
4.184686607303417794e-01
4.217939158713566172e-01
4.254577923099348569e-01
4.293449511056729451e-01
4.333340210376332990e-01
4.373012416037770356e-01
4.411241265915325505e-01
4.446850693136806809e-01
4.478748113334728442e-01
4.505956905635321030e-01
4.527645760093428340e-01
4.543153929172506489e-01
4.552011493779052342e-01
4.553953924021698629e-01
4.548930453043465438e-01
4.537106037820625160e-01
4.518856888573010155e-01
4.494759677362949457e-01
4.465574610385377730e-01
4.432222632550433250e-01
4.395757183418664837e-01
4.357331162276651404e-01
4.318160069922667432e-01
4.279482601106510686e-01
4.242520185169077473e-01
4.208437067645348639e-01
4.178302463180149084e-01
4.153056112149258738e-01
4.133478314852182534e-01
4.120165279742030173e-01
4.113510448827068511e-01
4.113692339717879287e-01
4.120669323799350248e-01
4.134181590119213601e-01
4.153760293325057251e-01
4.178743567146635529e-01
4.208298753595798858e-01
4.241449918539540453e-01
4.277109552995637665e-01
4.314113318360213722e-01
4.351256757389444507e-01
4.387332994024969457e-01
4.421170502517710599e-01
4.451669990289222056e-01
4.477839332882098677e-01
4.498825404930175131e-01
4.513941648766348624e-01
4.522690342296288302e-01
4.524778755624894733e-01
4.520128671145789423e-01
4.508879008862660132e-01
4.491381496091222392e-01
4.468189452503609216e-01
4.440039871266675542e-01
4.407829130363855041e-01
4.372582917597032104e-01
4.335421290326539889e-01
4.297520145963537042e-01
4.260070660271301213e-01
4.224238383304645961e-01
4.191123634895650429e-01
4.161724652920794632e-01
4.136904711155791059e-01
4.117364223743727458e-01
4.103618717138211580e-01
4.095983438895297590e-01
4.094565214025346345e-01
4.099261896411942052e-01
4.109769393153716033e-01
4.125595817974885282e-01
4.146081936662378009e-01
4.170426781483176359e-01
4.197717177783192311e-01
4.226959931645348778e-01
4.257115520888422600e-01
4.287132248173026738e-01
4.315979892053690703e-01
4.342681912630095287e-01
4.366345284199032450e-01
4.386187088276772283e-01
4.401557104483837524e-01
4.411955772906950846e-01
4.417047077271006872e-01
4.416666105262182507e-01
4.410821240851188763e-01
4.399691096852093031e-01
4.383616399534748798e-01
4.363087119086614951e-01
4.338725236833949062e-01
4.311263658949822664e-01
4.281521920254486857e-01
4.250379469238555474e-01
4.218747461902710993e-01
4.187540078886646810e-01
4.157646393394744955e-01
4.129903752123901262e-01
4.105073512655627033e-01
4.083819839742693913e-01
4.066692102345822457e-01
4.054111234946224385e-01
4.046360255129478611e-01
4.043578981985871401e-01
4.045762873595701858e-01
4.052765797966095818e-01
4.064306475405538022e-01
4.079978273874813599e-01
4.099261990446411152e-01
4.121541209492512459e-01
4.146119805763237576e-01
4.172241167274499674e-01
4.199108727175024924e-01
4.225907392214747205e-01
4.251825439647717308e-01
4.276076437426550303e-01
4.297920730512220233e-01
4.316686020050477524e-01
4.331786545410105660e-01
4.342740382035443214e-01
4.349184391903702096e-01
4.350886392916441525e-01
4.347754145085694910e-01
4.339840791804122633e-01
4.327346445825275278e-01
4.310615669346005707e-01
4.290130670134451041e-01
4.266500132263928435e-01
4.240443725087181814e-01
4.212772478203590798e-01
4.184365369741835927e-01
4.156142657689226860e-01
4.129036675644937038e-01
4.103960991417231474e-01
4.081778983017719242e-01
4.063273009897824251e-01
4.049115423099417521e-01
4.039842655763458690e-01
4.035833562577815226e-01
4.037293025620163345e-01
4.044241614298318410e-01
4.056511809098813925e-01
4.073751031437186643e-01
4.095431479988075330e-01
4.120866522580933777e-01
4.149233130648910528e-01
4.179599589264382242e-01
4.210957475649701465e-01
4.242256696855724041e-01
4.272442246516431341e-01
4.300491285340262149e-01
4.325449154990547718e-01
4.346462995557160980e-01
4.362811749696458019e-01
4.373931483476148352e-01
4.379435115680985202e-01
4.379125826358879481e-01
4.373003629581696527e-01
4.361264853719018508e-01
4.344294561106565311e-01
4.322652236551697835e-01
4.297051362406682506e-01
4.268333743193074570e-01
4.237439621552662183e-01
4.205374747298577520e-01
4.173175624926204197e-01
4.141874180455178411e-01
4.112463085201394919e-01
4.085862956265766677e-01
4.062892595265522044e-01
4.044243304477113110e-01
4.030458128982653543e-01
4.021916631341060366e-01
4.018825534553607248e-01
4.021215300459367037e-01
4.028942480301219708e-01
4.041697488505612834e-01
4.059017289400477790e-01
4.080302353810644211e-01
4.104837166568627849e-01
4.131813538148872977e-01
4.160355943897219855e-01
4.189548081979590499e-01
4.218459856907811334e-01
4.246174085151916966e-01
4.271812346717818176e-01
4.294559511398079454e-01
4.313686521749509617e-01
4.328571029042910245e-01
4.338715468244470075e-01
